[2017-01-28 01:52:56.225] [INFO] asan - { uv: 0, temp: 0, gas: 0, gps: [] }
[2017-01-28 01:52:59.256] [INFO] asan - { uv: 0, temp: 669.5, gas: 320.5, gps: [] }
[2017-01-28 01:53:02.260] [INFO] asan - { uv: 0, temp: 669.5, gas: 323.5, gps: [] }
[2017-01-28 01:53:05.264] [INFO] asan - { uv: 0, temp: 667, gas: 321, gps: [] }
[2017-01-28 01:53:08.273] [INFO] asan - { uv: 0, temp: 672, gas: 325, gps: [] }
[2017-01-28 01:53:11.277] [INFO] asan - { uv: 1, temp: 670, gas: 342, gps: [] }
[2017-01-28 01:53:14.279] [INFO] asan - { uv: 1, temp: 670, gas: 334, gps: [] }
[2017-01-28 01:53:17.282] [INFO] asan - { uv: 0, temp: 671, gas: 330, gps: [] }
[2017-01-28 01:53:20.287] [INFO] asan - { uv: 1, temp: 672, gas: 326, gps: [] }
[2017-01-28 01:53:23.294] [INFO] asan - { uv: 0, temp: 674, gas: 319, gps: [] }
[2017-01-28 01:53:26.302] [INFO] asan - { uv: 0.5, temp: 670, gas: 319, gps: [] }
[2017-01-28 01:53:29.308] [INFO] asan - { uv: 0, temp: 673.5, gas: 327.5, gps: [] }
[2017-01-28 01:53:32.311] [INFO] asan - { uv: 0, temp: 675, gas: 334, gps: [] }
[2017-01-28 01:53:35.314] [INFO] asan - { uv: 1, temp: 674.5, gas: 319.5, gps: [] }
[2017-01-28 01:53:38.316] [INFO] asan - { uv: 0, temp: 674.5, gas: 324, gps: [] }
[2017-01-28 01:53:41.320] [INFO] asan - { uv: 1, temp: 677, gas: 316, gps: [] }
[2017-01-28 01:53:44.323] [INFO] asan - { uv: 1, temp: 675, gas: 318, gps: [] }
[2017-01-28 01:53:47.326] [INFO] asan - { uv: 1, temp: 674, gas: 315.5, gps: [] }
[2017-01-28 01:53:50.331] [INFO] asan - { uv: 0, temp: 674, gas: 318, gps: [] }
[2017-01-28 01:53:53.333] [INFO] asan - { uv: 0, temp: 673, gas: 315, gps: [] }
[2017-01-28 01:53:56.338] [INFO] asan - { uv: 0, temp: 674.5, gas: 317.5, gps: [] }
[2017-01-28 01:53:59.345] [INFO] asan - { uv: 0.5, temp: 673, gas: 316, gps: [] }
[2017-01-28 01:54:02.349] [INFO] asan - { uv: 0.5, temp: 675, gas: 314.5, gps: [] }
[2017-01-28 01:54:05.352] [INFO] asan - { uv: 0.5, temp: 674, gas: 315, gps: [] }
[2017-01-28 01:54:08.357] [INFO] asan - { uv: 0.5, temp: 674, gas: 318, gps: [] }
[2017-01-28 01:54:11.359] [INFO] asan - { uv: 0.5, temp: 673.5, gas: 320, gps: [] }
[2017-01-28 01:54:14.363] [INFO] asan - { uv: 0.5, temp: 675, gas: 319, gps: [] }
[2017-01-28 01:54:17.367] [INFO] asan - { uv: 0, temp: 674, gas: 318, gps: [] }
[2017-01-28 01:54:20.372] [INFO] asan - { uv: 0, temp: 674.5, gas: 316, gps: [] }
[2017-01-28 01:54:23.372] [INFO] asan - { uv: 0, temp: 675, gas: 315.5, gps: [] }
[2017-01-28 01:54:26.377] [INFO] asan - { uv: 0, temp: 677, gas: 320, gps: [] }
[2017-01-28 01:54:29.381] [INFO] asan - { uv: 0, temp: 674.5, gas: 311, gps: [] }
[2017-01-28 01:54:32.384] [INFO] asan - { uv: 0, temp: 676, gas: 319, gps: [] }
[2017-01-28 01:54:35.399] [INFO] asan - { uv: 0, temp: 675.5, gas: 315, gps: [] }
[2017-01-28 01:54:38.403] [INFO] asan - { uv: 0, temp: 677, gas: 389, gps: [] }
[2017-01-28 01:54:41.409] [INFO] asan - { uv: 0, temp: 678, gas: 413, gps: [] }
[2017-01-28 01:54:44.413] [INFO] asan - { uv: 1, temp: 677.5, gas: 330.5, gps: [] }
[2017-01-28 01:54:47.415] [INFO] asan - { uv: 0, temp: 681, gas: 323, gps: [] }
[2017-01-28 01:54:50.417] [INFO] asan - { uv: 1, temp: 681, gas: 320, gps: [] }
[2017-01-28 01:54:53.419] [INFO] asan - { uv: 0, temp: 681, gas: 313, gps: [] }
[2017-01-28 01:54:56.421] [INFO] asan - { uv: 0, temp: 682, gas: 314, gps: [] }
[2017-01-28 01:54:59.423] [INFO] asan - { uv: 0, temp: 679, gas: 319.5, gps: [] }
[2017-01-28 01:55:02.428] [INFO] asan - { uv: 1, temp: 681.5, gas: 315, gps: [] }
[2017-01-28 01:55:05.430] [INFO] asan - { uv: 0, temp: 683, gas: 315, gps: [] }
[2017-01-28 01:55:08.431] [INFO] asan - { uv: 0.5, temp: 682.5, gas: 315, gps: [] }
[2017-01-28 01:55:11.434] [INFO] asan - { uv: 0.5, temp: 681, gas: 313.5, gps: [] }
[2017-01-28 01:55:14.437] [INFO] asan - { uv: 0.5, temp: 683, gas: 314, gps: [] }
[2017-01-28 01:55:17.440] [INFO] asan - { uv: 0, temp: 682, gas: 316, gps: [] }
[2017-01-28 01:55:20.443] [INFO] asan - { uv: 3, temp: 682, gas: 322, gps: [] }
[2017-01-28 01:55:23.449] [INFO] asan - { uv: 0.5, temp: 682, gas: 321, gps: [] }
[2017-01-28 01:55:26.451] [INFO] asan - { uv: 0.5, temp: 682, gas: 318, gps: [] }
[2017-01-28 01:55:29.455] [INFO] asan - { uv: 0.5, temp: 683, gas: 315, gps: [] }
[2017-01-28 01:55:32.457] [INFO] asan - { uv: 0.5, temp: 682, gas: 311, gps: [] }
[2017-01-28 01:55:35.462] [INFO] asan - { uv: 0.5, temp: 682, gas: 309, gps: [] }
[2017-01-28 01:55:38.467] [INFO] asan - { uv: 0, temp: 682, gas: 313, gps: [] }
[2017-01-28 01:55:41.470] [INFO] asan - { uv: 0, temp: 684, gas: 308, gps: [] }
[2017-01-28 01:55:44.473] [INFO] asan - { uv: 0.5, temp: 683, gas: 309, gps: [] }
[2017-01-28 01:55:47.474] [INFO] asan - { uv: 1, temp: 683, gas: 312, gps: [] }
[2017-01-28 01:55:50.476] [INFO] asan - { uv: 0, temp: 682, gas: 311, gps: [] }
[2017-01-28 01:55:53.478] [INFO] asan - { uv: 0, temp: 683, gas: 313.5, gps: [] }
[2017-01-28 01:55:56.480] [INFO] asan - { uv: 0, temp: 679, gas: 312, gps: [] }
[2017-01-28 01:55:59.482] [INFO] asan - { uv: 0, temp: 684, gas: 312, gps: [] }
[2017-01-28 01:56:02.484] [INFO] asan - { uv: 0, temp: 684, gas: 317.5, gps: [] }
[2017-01-28 01:56:05.486] [INFO] asan - { uv: 0, temp: 683, gas: 321, gps: [] }
[2017-01-28 01:56:08.488] [INFO] asan - { uv: 0.5, temp: 685, gas: 321, gps: [] }
[2017-01-28 01:56:11.489] [INFO] asan - { uv: 0.5, temp: 682, gas: 319, gps: [] }
[2017-01-28 01:56:14.500] [INFO] asan - { uv: 0.5, temp: 683, gas: 321.5, gps: [] }
[2017-01-28 01:56:17.506] [INFO] asan - { uv: 0, temp: 683, gas: 321, gps: [] }
[2017-01-28 01:56:20.511] [INFO] asan - { uv: 0, temp: 682, gas: 322, gps: [] }
[2017-01-28 01:56:23.516] [INFO] asan - { uv: 1, temp: 681.5, gas: 317, gps: [] }
[2017-01-28 01:56:26.517] [INFO] asan - { uv: 0, temp: 681, gas: 315, gps: [] }
[2017-01-28 01:56:29.519] [INFO] asan - { uv: 1, temp: 681.5, gas: 314, gps: [] }
[2017-01-28 01:56:32.520] [INFO] asan - { uv: 0.5, temp: 682, gas: 314.5, gps: [] }
[2017-01-28 01:56:35.523] [INFO] asan - { uv: 0.5, temp: 680, gas: 318, gps: [] }
[2017-01-28 01:56:38.525] [INFO] asan - { uv: 0.5, temp: 680, gas: 316, gps: [] }
[2017-01-28 01:56:41.527] [INFO] asan - { uv: 0.5, temp: 680, gas: 316, gps: [] }
[2017-01-28 01:56:44.529] [INFO] asan - { uv: 0.5, temp: 680, gas: 326, gps: [] }
[2017-01-28 01:56:47.532] [INFO] asan - { uv: 0.5, temp: 681, gas: 326, gps: [] }
[2017-01-28 01:56:50.533] [INFO] asan - { uv: 1, temp: 682, gas: 325, gps: [] }
[2017-01-28 01:56:53.536] [INFO] asan - { uv: 1, temp: 681, gas: 327, gps: [] }
[2017-01-28 01:56:56.538] [INFO] asan - { uv: 0, temp: 682, gas: 326, gps: [] }
[2017-01-28 01:56:59.539] [INFO] asan - { uv: 0, temp: 681, gas: 326, gps: [] }
[2017-01-28 01:57:02.541] [INFO] asan - { uv: 0, temp: 679, gas: 317, gps: [] }
[2017-01-28 01:57:05.543] [INFO] asan - { uv: 1, temp: 680, gas: 326, gps: [] }
[2017-01-28 01:57:08.548] [INFO] asan - { uv: 0, temp: 681, gas: 319, gps: [] }
[2017-01-28 01:57:11.554] [INFO] asan - { uv: 0, temp: 681, gas: 319, gps: [] }
[2017-01-28 01:57:14.559] [INFO] asan - { uv: 0, temp: 681, gas: 319, gps: [] }
[2017-01-28 01:57:17.562] [INFO] asan - { uv: 0, temp: 681, gas: 319, gps: [] }
[2017-01-28 01:57:20.567] [INFO] asan - { uv: 0, temp: 681, gas: 319, gps: [] }
[2017-01-28 01:57:23.573] [INFO] asan - { uv: 0, temp: 681, gas: 319, gps: [] }
[2017-01-28 01:57:26.578] [INFO] asan - { uv: 0, temp: 681, gas: 319, gps: [] }
[2017-01-28 01:57:29.582] [INFO] asan - { uv: 0, temp: 681, gas: 319, gps: [] }
[2017-01-28 01:57:32.585] [INFO] asan - { uv: 0, temp: 681, gas: 319, gps: [] }
[2017-01-28 01:57:35.588] [INFO] asan - { uv: 0, temp: 681, gas: 319, gps: [] }
[2017-01-28 01:57:38.592] [INFO] asan - { uv: 0, temp: 681, gas: 319, gps: [] }
[2017-01-28 01:57:41.594] [INFO] asan - { uv: 0, temp: 681, gas: 319, gps: [] }
[2017-01-28 01:57:44.597] [INFO] asan - { uv: 0, temp: 681, gas: 319, gps: [] }
[2017-01-28 01:57:47.602] [INFO] asan - { uv: 0, temp: 681, gas: 319, gps: [] }
[2017-01-28 01:57:50.609] [INFO] asan - { uv: 0, temp: 681, gas: 319, gps: [] }
[2017-01-28 01:57:53.616] [INFO] asan - { uv: 0, temp: 681, gas: 319, gps: [] }
[2017-01-28 01:57:56.622] [INFO] asan - { uv: 0, temp: 681, gas: 319, gps: [] }
[2017-01-28 01:57:59.624] [INFO] asan - { uv: 0, temp: 681, gas: 319, gps: [] }
[2017-01-28 01:58:02.626] [INFO] asan - { uv: 0, temp: 681, gas: 319, gps: [] }
[2017-01-28 01:58:05.630] [INFO] asan - { uv: 0, temp: 681, gas: 319, gps: [] }
[2017-01-28 01:58:08.633] [INFO] asan - { uv: 0, temp: 681, gas: 319, gps: [] }
[2017-01-28 01:58:11.638] [INFO] asan - { uv: 0, temp: 681, gas: 319, gps: [] }
[2017-01-28 01:58:14.643] [INFO] asan - { uv: 0, temp: 681, gas: 319, gps: [] }
[2017-01-28 01:58:17.648] [INFO] asan - { uv: 0, temp: 681, gas: 319, gps: [] }
[2017-01-28 01:58:20.652] [INFO] asan - { uv: 0, temp: 681, gas: 319, gps: [] }
[2017-01-28 01:58:23.656] [INFO] asan - { uv: 0, temp: 681, gas: 319, gps: [] }
[2017-01-28 01:58:26.662] [INFO] asan - { uv: 0, temp: 681, gas: 319, gps: [] }
[2017-01-28 01:58:29.669] [INFO] asan - { uv: 0, temp: 681, gas: 319, gps: [] }
[2017-01-28 01:58:32.676] [INFO] asan - { uv: 0, temp: 681, gas: 319, gps: [] }
[2017-01-28 01:58:35.680] [INFO] asan - { uv: 0, temp: 681, gas: 319, gps: [] }
[2017-01-28 01:58:38.685] [INFO] asan - { uv: 0, temp: 681, gas: 319, gps: [] }
[2017-01-28 01:58:41.689] [INFO] asan - { uv: 0, temp: 681, gas: 319, gps: [] }
[2017-01-28 01:58:44.692] [INFO] asan - { uv: 0, temp: 681, gas: 319, gps: [] }
[2017-01-28 01:58:47.695] [INFO] asan - { uv: 0, temp: 681, gas: 319, gps: [] }
[2017-01-28 01:58:50.699] [INFO] asan - { uv: 0, temp: 681, gas: 319, gps: [] }
[2017-01-28 01:58:53.702] [INFO] asan - { uv: 0, temp: 681, gas: 319, gps: [] }
[2017-01-28 01:58:56.705] [INFO] asan - { uv: 0, temp: 681, gas: 319, gps: [] }
[2017-01-28 01:58:59.708] [INFO] asan - { uv: 0, temp: 681, gas: 319, gps: [] }
[2017-01-28 01:59:02.711] [INFO] asan - { uv: 0, temp: 681, gas: 319, gps: [] }
[2017-01-28 01:59:05.716] [INFO] asan - { uv: 0, temp: 681, gas: 319, gps: [] }
[2017-01-28 01:59:08.720] [INFO] asan - { uv: 0, temp: 681, gas: 319, gps: [] }
[2017-01-28 01:59:11.724] [INFO] asan - { uv: 0, temp: 681, gas: 319, gps: [] }
[2017-01-28 01:59:14.726] [INFO] asan - { uv: 0, temp: 681, gas: 319, gps: [] }
[2017-01-28 01:59:17.731] [INFO] asan - { uv: 0, temp: 681, gas: 319, gps: [] }
[2017-01-28 01:59:20.739] [INFO] asan - { uv: 0, temp: 681, gas: 319, gps: [] }
[2017-01-28 01:59:23.749] [INFO] asan - { uv: 0, temp: 681, gas: 319, gps: [] }
[2017-01-28 01:59:26.755] [INFO] asan - { uv: 0, temp: 681, gas: 319, gps: [] }
[2017-01-28 01:59:29.765] [INFO] asan - { uv: 0, temp: 681, gas: 319, gps: [] }
[2017-01-28 01:59:32.796] [INFO] asan - { uv: 0, temp: 681, gas: 319, gps: [] }
[2017-01-28 01:59:35.802] [INFO] asan - { uv: 0, temp: 681, gas: 319, gps: [] }
[2017-01-28 01:59:38.808] [INFO] asan - { uv: 0, temp: 681, gas: 319, gps: [] }
[2017-01-28 01:59:41.813] [INFO] asan - { uv: 0, temp: 681, gas: 319, gps: [] }
[2017-01-28 01:59:44.820] [INFO] asan - { uv: 0, temp: 681, gas: 319, gps: [] }
[2017-01-28 01:59:47.825] [INFO] asan - { uv: 0, temp: 681, gas: 319, gps: [] }
[2017-01-28 01:59:50.828] [INFO] asan - { uv: 0, temp: 681, gas: 319, gps: [] }
[2017-01-28 01:59:53.830] [INFO] asan - { uv: 0, temp: 681, gas: 319, gps: [] }
[2017-01-28 01:59:56.834] [INFO] asan - { uv: 0, temp: 681, gas: 319, gps: [] }
[2017-01-28 01:59:59.836] [INFO] asan - { uv: 0, temp: 681, gas: 319, gps: [] }
[2017-01-28 02:00:02.843] [INFO] asan - { uv: 0, temp: 681, gas: 319, gps: [] }
[2017-01-28 02:00:05.845] [INFO] asan - { uv: 0, temp: 681, gas: 319, gps: [] }
[2017-01-28 02:00:08.858] [INFO] asan - { uv: 0, temp: 681, gas: 319, gps: [] }
[2017-01-28 02:00:11.868] [INFO] asan - { uv: 0, temp: 681, gas: 319, gps: [] }
[2017-01-28 02:00:14.876] [INFO] asan - { uv: 0, temp: 681, gas: 319, gps: [] }
[2017-01-28 02:00:17.883] [INFO] asan - { uv: 0, temp: 681, gas: 319, gps: [] }
[2017-01-28 02:00:20.895] [INFO] asan - { uv: 0, temp: 681, gas: 319, gps: [] }
[2017-01-28 02:00:23.901] [INFO] asan - { uv: 0, temp: 681, gas: 319, gps: [] }
[2017-01-28 02:00:26.906] [INFO] asan - { uv: 0, temp: 681, gas: 319, gps: [] }
[2017-01-28 02:00:29.909] [INFO] asan - { uv: 0, temp: 681, gas: 319, gps: [] }
[2017-01-28 02:00:32.914] [INFO] asan - { uv: 0, temp: 681, gas: 319, gps: [] }
[2017-01-28 02:00:35.920] [INFO] asan - { uv: 0, temp: 681, gas: 319, gps: [] }
[2017-01-28 02:00:38.930] [INFO] asan - { uv: 0, temp: 681, gas: 319, gps: [] }
[2017-01-28 02:00:41.936] [INFO] asan - { uv: 0, temp: 681, gas: 319, gps: [] }
[2017-01-28 02:00:44.948] [INFO] asan - { uv: 0, temp: 681, gas: 319, gps: [] }
[2017-01-28 02:00:47.959] [INFO] asan - { uv: 0, temp: 681, gas: 319, gps: [] }
[2017-01-28 02:00:50.961] [INFO] asan - { uv: 0, temp: 681, gas: 319, gps: [] }
[2017-01-28 02:00:53.966] [INFO] asan - { uv: 0, temp: 681, gas: 319, gps: [] }
[2017-01-28 02:01:05.027] [INFO] asan - { uv: 0, temp: 681, gas: 319, gps: [] }
[2017-01-28 02:01:08.029] [INFO] asan - { uv: 0, temp: 681, gas: 319, gps: [] }
[2017-01-28 02:01:11.034] [INFO] asan - { uv: 0, temp: 681, gas: 319, gps: [] }
[2017-01-28 02:01:14.044] [INFO] asan - { uv: 0, temp: 681, gas: 319, gps: [] }
[2017-01-28 02:01:17.052] [INFO] asan - { uv: 0, temp: 681, gas: 319, gps: [] }
[2017-01-28 02:01:20.063] [INFO] asan - { uv: 0, temp: 681, gas: 319, gps: [] }
[2017-01-28 02:01:23.069] [INFO] asan - { uv: 0, temp: 681, gas: 319, gps: [] }
[2017-01-28 02:01:26.075] [INFO] asan - { uv: 0, temp: 681, gas: 319, gps: [] }
[2017-01-28 02:01:29.077] [INFO] asan - { uv: 0, temp: 681, gas: 319, gps: [] }
[2017-01-28 02:01:32.087] [INFO] asan - { uv: 0, temp: 681, gas: 319, gps: [] }
[2017-01-28 03:01:30.166] [INFO] asan - { uv: 0, temp: 681, gas: 319, gps: [] }
[2017-01-28 03:01:33.168] [INFO] asan - { uv: 0, temp: 681, gas: 319, gps: [] }
[2017-01-28 03:01:36.173] [INFO] asan - { uv: 0, temp: 681, gas: 319, gps: [] }
[2017-01-28 03:01:39.178] [INFO] asan - { uv: 0, temp: 681, gas: 319, gps: [] }
[2017-01-28 03:01:42.190] [INFO] asan - { uv: 0, temp: 681, gas: 319, gps: [] }
[2017-01-28 03:01:45.201] [INFO] asan - { uv: 0, temp: 681, gas: 319, gps: [] }
[2017-01-28 03:01:48.211] [INFO] asan - { uv: 0, temp: 681, gas: 319, gps: [] }
[2017-01-28 03:01:51.226] [INFO] asan - { uv: 0, temp: 681, gas: 319, gps: [] }
[2017-01-28 03:01:54.230] [INFO] asan - { uv: 0, temp: 681, gas: 319, gps: [] }
[2017-01-28 03:01:57.236] [INFO] asan - { uv: 0, temp: 681, gas: 319, gps: [] }
[2017-01-28 03:02:00.241] [INFO] asan - { uv: 0, temp: 681, gas: 319, gps: [] }
[2017-01-28 03:02:03.244] [INFO] asan - { uv: 0, temp: 681, gas: 319, gps: [] }
[2017-01-28 03:02:06.248] [INFO] asan - { uv: 0, temp: 681, gas: 319, gps: [] }
[2017-01-28 03:02:09.253] [INFO] asan - { uv: 0, temp: 681, gas: 319, gps: [] }
[2017-01-28 03:02:12.259] [INFO] asan - { uv: 0, temp: 681, gas: 319, gps: [] }
[2017-01-28 03:02:15.270] [INFO] asan - { uv: 0, temp: 681, gas: 319, gps: [] }
[2017-01-28 03:02:18.279] [INFO] asan - { uv: 0, temp: 681, gas: 319, gps: [] }
[2017-01-28 03:02:21.290] [INFO] asan - { uv: 0, temp: 681, gas: 319, gps: [] }
[2017-01-28 03:02:24.301] [INFO] asan - { uv: 0, temp: 681, gas: 319, gps: [] }
[2017-01-28 03:02:27.312] [INFO] asan - { uv: 0, temp: 681, gas: 319, gps: [] }
[2017-01-28 03:02:30.314] [INFO] asan - { uv: 0, temp: 681, gas: 319, gps: [] }
[2017-01-28 03:02:33.322] [INFO] asan - { uv: 0, temp: 681, gas: 319, gps: [] }
[2017-01-28 05:02:31.537] [INFO] asan - { uv: 0, temp: 681, gas: 319, gps: [] }
[2017-01-28 05:02:34.545] [INFO] asan - { uv: 0, temp: 681, gas: 319, gps: [] }
[2017-01-28 05:02:37.549] [INFO] asan - { uv: 0, temp: 681, gas: 319, gps: [] }
[2017-01-28 05:02:40.556] [INFO] asan - { uv: 0, temp: 681, gas: 319, gps: [] }
[2017-01-28 05:02:43.559] [INFO] asan - { uv: 0, temp: 681, gas: 319, gps: [] }
[2017-01-28 05:02:46.567] [INFO] asan - { uv: 0, temp: 681, gas: 319, gps: [] }
[2017-01-28 05:02:49.570] [INFO] asan - { uv: 0, temp: 681, gas: 319, gps: [] }
[2017-01-28 05:02:52.579] [INFO] asan - { uv: 0, temp: 681, gas: 319, gps: [] }
[2017-01-28 05:02:55.588] [INFO] asan - { uv: 0, temp: 681, gas: 319, gps: [] }
[2017-01-28 05:02:58.601] [INFO] asan - { uv: 0, temp: 681, gas: 319, gps: [] }
[2017-01-28 05:03:01.610] [INFO] asan - { uv: 0, temp: 681, gas: 319, gps: [] }
[2017-01-28 05:03:04.617] [INFO] asan - { uv: 0, temp: 681, gas: 319, gps: [] }
[2017-01-28 05:03:07.626] [INFO] asan - { uv: 0, temp: 681, gas: 319, gps: [] }
[2017-01-28 05:03:10.633] [INFO] asan - { uv: 0, temp: 681, gas: 319, gps: [] }
[2017-01-28 05:03:13.643] [INFO] asan - { uv: 0, temp: 681, gas: 319, gps: [] }
[2017-01-28 05:03:16.651] [INFO] asan - { uv: 0, temp: 681, gas: 319, gps: [] }
[2017-01-28 05:03:19.661] [INFO] asan - { uv: 0, temp: 681, gas: 319, gps: [] }
[2017-01-28 05:03:22.666] [INFO] asan - { uv: 0, temp: 681, gas: 319, gps: [] }
[2017-01-28 05:03:25.677] [INFO] asan - { uv: 0, temp: 681, gas: 319, gps: [] }
[2017-01-28 05:03:28.687] [INFO] asan - { uv: 0, temp: 681, gas: 319, gps: [] }
[2017-01-28 05:03:31.692] [INFO] asan - { uv: 0, temp: 681, gas: 319, gps: [] }
[2017-01-28 05:03:34.694] [INFO] asan - { uv: 0, temp: 681, gas: 319, gps: [] }
[2017-01-28 05:03:37.696] [INFO] asan - { uv: 0, temp: 681, gas: 319, gps: [] }
[2017-01-28 05:03:40.698] [INFO] asan - { uv: 0, temp: 681, gas: 319, gps: [] }
[2017-01-28 07:03:38.230] [INFO] asan - { uv: 0, temp: 681, gas: 319, gps: [] }
[2017-01-28 07:03:41.241] [INFO] asan - { uv: 0, temp: 681, gas: 319, gps: [] }
[2017-01-28 07:03:44.252] [INFO] asan - { uv: 0, temp: 681, gas: 319, gps: [] }
[2017-01-28 07:03:47.254] [INFO] asan - { uv: 0, temp: 681, gas: 319, gps: [] }
[2017-01-28 07:03:50.258] [INFO] asan - { uv: 0, temp: 681, gas: 319, gps: [] }
[2017-01-28 07:03:53.262] [INFO] asan - { uv: 0, temp: 681, gas: 319, gps: [] }
[2017-01-28 07:03:56.275] [INFO] asan - { uv: 0, temp: 681, gas: 319, gps: [] }
[2017-01-28 07:03:59.284] [INFO] asan - { uv: 0, temp: 681, gas: 319, gps: [] }
[2017-01-28 07:04:02.295] [INFO] asan - { uv: 0, temp: 681, gas: 319, gps: [] }
[2017-01-28 07:04:05.308] [INFO] asan - { uv: 0, temp: 681, gas: 319, gps: [] }
[2017-01-28 07:04:08.314] [INFO] asan - { uv: 0, temp: 681, gas: 319, gps: [] }
[2017-01-28 07:04:11.322] [INFO] asan - { uv: 0, temp: 681, gas: 319, gps: [] }
[2017-01-28 07:04:14.331] [INFO] asan - { uv: 0, temp: 681, gas: 319, gps: [] }
[2017-01-28 07:04:17.345] [INFO] asan - { uv: 0, temp: 681, gas: 319, gps: [] }
[2017-01-28 07:04:20.353] [INFO] asan - { uv: 0, temp: 681, gas: 319, gps: [] }
[2017-01-28 07:04:23.359] [INFO] asan - { uv: 0, temp: 681, gas: 319, gps: [] }
[2017-01-28 08:26:30.019] [INFO] asan - { uv: 0, temp: 681, gas: 319, gps: [] }
[2017-01-28 08:26:33.023] [INFO] asan - { uv: 0, temp: 681, gas: 319, gps: [] }
[2017-01-28 08:26:36.029] [INFO] asan - { uv: 0, temp: 681, gas: 319, gps: [] }
[2017-01-28 08:26:39.034] [INFO] asan - { uv: 0, temp: 681, gas: 319, gps: [] }
[2017-01-28 08:26:42.040] [INFO] asan - { uv: 0, temp: 681, gas: 319, gps: [] }
[2017-01-28 08:26:45.044] [INFO] asan - { uv: 0, temp: 681, gas: 319, gps: [] }
[2017-01-28 08:26:48.047] [INFO] asan - { uv: 0, temp: 681, gas: 319, gps: [] }
[2017-01-28 08:26:51.051] [INFO] asan - { uv: 0, temp: 681, gas: 319, gps: [] }
[2017-01-28 08:26:54.055] [INFO] asan - { uv: 0, temp: 681, gas: 319, gps: [] }
[2017-01-28 08:26:57.061] [INFO] asan - { uv: 0, temp: 681, gas: 319, gps: [] }
[2017-01-28 08:27:00.063] [INFO] asan - { uv: 0, temp: 681, gas: 319, gps: [] }
[2017-01-28 08:27:03.068] [INFO] asan - { uv: 0, temp: 681, gas: 319, gps: [] }
[2017-01-28 08:27:06.071] [INFO] asan - { uv: 0, temp: 681, gas: 319, gps: [] }
[2017-01-28 08:27:09.074] [INFO] asan - { uv: 0, temp: 681, gas: 319, gps: [] }
[2017-01-28 08:27:12.075] [INFO] asan - { uv: 0, temp: 681, gas: 319, gps: [] }
[2017-01-28 08:27:15.077] [INFO] asan - { uv: 0, temp: 681, gas: 319, gps: [] }
[2017-01-28 08:27:18.079] [INFO] asan - { uv: 0, temp: 681, gas: 319, gps: [] }
[2017-01-28 08:27:21.082] [INFO] asan - { uv: 0, temp: 681, gas: 319, gps: [] }
[2017-01-28 08:27:24.085] [INFO] asan - { uv: 0, temp: 681, gas: 319, gps: [] }
[2017-01-28 08:27:27.088] [INFO] asan - { uv: 0, temp: 681, gas: 319, gps: [] }
[2017-01-28 08:27:30.095] [INFO] asan - { uv: 0, temp: 681, gas: 319, gps: [] }
[2017-01-28 08:27:33.097] [INFO] asan - { uv: 0, temp: 681, gas: 319, gps: [] }
[2017-01-28 08:27:36.100] [INFO] asan - { uv: 0, temp: 681, gas: 319, gps: [] }
[2017-01-28 08:27:39.104] [INFO] asan - { uv: 0, temp: 681, gas: 319, gps: [] }
[2017-01-28 08:27:42.106] [INFO] asan - { uv: 0, temp: 681, gas: 319, gps: [] }
[2017-01-28 08:27:45.112] [INFO] asan - { uv: 0, temp: 681, gas: 319, gps: [] }
[2017-01-28 08:27:48.115] [INFO] asan - { uv: 0, temp: 681, gas: 319, gps: [] }
[2017-01-28 08:27:51.116] [INFO] asan - { uv: 0, temp: 681, gas: 319, gps: [] }
[2017-01-28 08:27:54.119] [INFO] asan - { uv: 0, temp: 681, gas: 319, gps: [] }
[2017-01-28 08:27:57.122] [INFO] asan - { uv: 0, temp: 681, gas: 319, gps: [] }
[2017-01-28 08:28:00.124] [INFO] asan - { uv: 0, temp: 681, gas: 319, gps: [] }
[2017-01-28 08:28:03.126] [INFO] asan - { uv: 0, temp: 681, gas: 319, gps: [] }
[2017-01-28 08:28:06.130] [INFO] asan - { uv: 0, temp: 681, gas: 319, gps: [] }
[2017-01-28 08:28:09.137] [INFO] asan - { uv: 0, temp: 681, gas: 319, gps: [] }
[2017-01-28 08:28:12.141] [INFO] asan - { uv: 0, temp: 681, gas: 319, gps: [] }
[2017-01-28 08:28:15.144] [INFO] asan - { uv: 0, temp: 681, gas: 319, gps: [] }
[2017-01-28 08:28:18.147] [INFO] asan - { uv: 0, temp: 681, gas: 319, gps: [] }
[2017-01-28 08:28:21.153] [INFO] asan - { uv: 0, temp: 681, gas: 319, gps: [] }
[2017-01-28 08:28:24.155] [INFO] asan - { uv: 0, temp: 681, gas: 319, gps: [] }
[2017-01-28 08:28:27.158] [INFO] asan - { uv: 0, temp: 681, gas: 319, gps: [] }
[2017-01-28 08:28:30.165] [INFO] asan - { uv: 0, temp: 681, gas: 319, gps: [] }
[2017-01-28 08:28:33.169] [INFO] asan - { uv: 0, temp: 681, gas: 319, gps: [] }
[2017-01-28 08:28:36.172] [INFO] asan - { uv: 0, temp: 681, gas: 319, gps: [] }
[2017-01-28 08:28:39.174] [INFO] asan - { uv: 0, temp: 681, gas: 319, gps: [] }
[2017-01-28 08:28:42.178] [INFO] asan - { uv: 0, temp: 681, gas: 319, gps: [] }
[2017-01-28 08:28:45.186] [INFO] asan - { uv: 0, temp: 681, gas: 319, gps: [] }
[2017-01-28 08:28:48.189] [INFO] asan - { uv: 0, temp: 681, gas: 319, gps: [] }
[2017-01-28 08:28:51.192] [INFO] asan - { uv: 0, temp: 681, gas: 319, gps: [] }
[2017-01-28 08:28:54.199] [INFO] asan - { uv: 0, temp: 681, gas: 319, gps: [] }
[2017-01-28 08:28:57.204] [INFO] asan - { uv: 0, temp: 681, gas: 319, gps: [] }
[2017-01-28 08:29:00.207] [INFO] asan - { uv: 0, temp: 681, gas: 319, gps: [] }
[2017-01-28 08:29:03.210] [INFO] asan - { uv: 0, temp: 681, gas: 319, gps: [] }
[2017-01-28 08:29:06.217] [INFO] asan - { uv: 0, temp: 681, gas: 319, gps: [] }
[2017-01-28 08:29:09.224] [INFO] asan - { uv: 0, temp: 681, gas: 319, gps: [] }
[2017-01-28 08:29:12.226] [INFO] asan - { uv: 0, temp: 681, gas: 319, gps: [] }
[2017-01-28 08:29:15.234] [INFO] asan - { uv: 0, temp: 681, gas: 319, gps: [] }
[2017-01-28 08:29:18.240] [INFO] asan - { uv: 0, temp: 681, gas: 319, gps: [] }
[2017-01-28 08:29:21.247] [INFO] asan - { uv: 0, temp: 681, gas: 319, gps: [] }
[2017-01-28 08:29:24.250] [INFO] asan - { uv: 0, temp: 681, gas: 319, gps: [] }
[2017-01-28 08:29:27.256] [INFO] asan - { uv: 0, temp: 681, gas: 319, gps: [] }
[2017-01-28 08:29:30.259] [INFO] asan - { uv: 0, temp: 681, gas: 319, gps: [] }
[2017-01-28 08:29:33.263] [INFO] asan - { uv: 0, temp: 681, gas: 319, gps: [] }
[2017-01-28 08:29:36.266] [INFO] asan - { uv: 0, temp: 681, gas: 319, gps: [] }
[2017-01-28 08:29:39.268] [INFO] asan - { uv: 0, temp: 681, gas: 319, gps: [] }
[2017-01-28 08:29:42.271] [INFO] asan - { uv: 0, temp: 681, gas: 319, gps: [] }
[2017-01-28 08:29:45.273] [INFO] asan - { uv: 0, temp: 681, gas: 319, gps: [] }
[2017-01-28 08:29:48.277] [INFO] asan - { uv: 0, temp: 681, gas: 319, gps: [] }
[2017-01-28 08:29:51.287] [INFO] asan - { uv: 0, temp: 681, gas: 319, gps: [] }
[2017-01-28 08:29:54.292] [INFO] asan - { uv: 0, temp: 681, gas: 319, gps: [] }
[2017-01-28 08:29:57.296] [INFO] asan - { uv: 0, temp: 681, gas: 319, gps: [] }
[2017-01-28 08:30:00.302] [INFO] asan - { uv: 0, temp: 681, gas: 319, gps: [] }
[2017-01-28 08:30:03.305] [INFO] asan - { uv: 0, temp: 681, gas: 319, gps: [] }
[2017-01-28 08:30:06.309] [INFO] asan - { uv: 0, temp: 681, gas: 319, gps: [] }
[2017-01-28 08:30:09.311] [INFO] asan - { uv: 0, temp: 681, gas: 319, gps: [] }
[2017-01-28 08:30:12.314] [INFO] asan - { uv: 0, temp: 681, gas: 319, gps: [] }
[2017-01-28 08:30:15.317] [INFO] asan - { uv: 0, temp: 681, gas: 319, gps: [] }
[2017-01-28 08:30:18.325] [INFO] asan - { uv: 0, temp: 681, gas: 319, gps: [] }
[2017-01-28 08:30:21.330] [INFO] asan - { uv: 0, temp: 681, gas: 319, gps: [] }
[2017-01-28 08:30:24.333] [INFO] asan - { uv: 0, temp: 681, gas: 319, gps: [] }
[2017-01-28 08:30:27.337] [INFO] asan - { uv: 0, temp: 681, gas: 319, gps: [] }
[2017-01-28 08:30:30.342] [INFO] asan - { uv: 0, temp: 681, gas: 319, gps: [] }
[2017-01-28 08:30:33.346] [INFO] asan - { uv: 0, temp: 681, gas: 319, gps: [] }
[2017-01-28 08:30:36.348] [INFO] asan - { uv: 0, temp: 681, gas: 319, gps: [] }
[2017-01-28 08:30:39.351] [INFO] asan - { uv: 0, temp: 681, gas: 319, gps: [] }
[2017-01-28 08:30:42.352] [INFO] asan - { uv: 0, temp: 681, gas: 319, gps: [] }
[2017-01-28 08:30:45.357] [INFO] asan - { uv: 0, temp: 681, gas: 319, gps: [] }
[2017-01-28 08:30:48.360] [INFO] asan - { uv: 0, temp: 681, gas: 319, gps: [] }
[2017-01-28 08:30:51.366] [INFO] asan - { uv: 0, temp: 681, gas: 319, gps: [] }
[2017-01-28 08:30:54.374] [INFO] asan - { uv: 0, temp: 681, gas: 319, gps: [] }
[2017-01-28 08:30:57.377] [INFO] asan - { uv: 0, temp: 681, gas: 319, gps: [] }
[2017-01-28 08:31:00.379] [INFO] asan - { uv: 0, temp: 681, gas: 319, gps: [] }
[2017-01-28 08:31:03.383] [INFO] asan - { uv: 0, temp: 681, gas: 319, gps: [] }
[2017-01-28 08:31:06.386] [INFO] asan - { uv: 0, temp: 681, gas: 319, gps: [] }
[2017-01-28 08:31:09.391] [INFO] asan - { uv: 0, temp: 681, gas: 319, gps: [] }
[2017-01-28 08:31:12.394] [INFO] asan - { uv: 0, temp: 681, gas: 319, gps: [] }
[2017-01-28 08:31:15.397] [INFO] asan - { uv: 0, temp: 681, gas: 319, gps: [] }
[2017-01-28 08:31:18.407] [INFO] asan - { uv: 0, temp: 681, gas: 319, gps: [] }
[2017-01-28 08:31:21.411] [INFO] asan - { uv: 0, temp: 681, gas: 319, gps: [] }
[2017-01-28 08:31:24.418] [INFO] asan - { uv: 0, temp: 681, gas: 319, gps: [] }
[2017-01-28 08:31:27.421] [INFO] asan - { uv: 0, temp: 681, gas: 319, gps: [] }
[2017-01-28 08:31:30.426] [INFO] asan - { uv: 0, temp: 681, gas: 319, gps: [] }
[2017-01-28 08:31:33.431] [INFO] asan - { uv: 0, temp: 681, gas: 319, gps: [] }
[2017-01-28 08:31:36.433] [INFO] asan - { uv: 0, temp: 681, gas: 319, gps: [] }
[2017-01-28 08:31:39.441] [INFO] asan - { uv: 0, temp: 681, gas: 319, gps: [] }
[2017-01-28 08:31:42.443] [INFO] asan - { uv: 0, temp: 681, gas: 319, gps: [] }
[2017-01-28 08:31:45.445] [INFO] asan - { uv: 0, temp: 681, gas: 319, gps: [] }
[2017-01-28 08:31:48.450] [INFO] asan - { uv: 0, temp: 681, gas: 319, gps: [] }
[2017-01-28 08:31:51.452] [INFO] asan - { uv: 0, temp: 681, gas: 319, gps: [] }
[2017-01-28 08:31:54.456] [INFO] asan - { uv: 0, temp: 681, gas: 319, gps: [] }
[2017-01-28 08:31:57.458] [INFO] asan - { uv: 0, temp: 681, gas: 319, gps: [] }
[2017-01-28 08:32:00.464] [INFO] asan - { uv: 0, temp: 681, gas: 319, gps: [] }
[2017-01-28 08:32:03.468] [INFO] asan - { uv: 0, temp: 681, gas: 319, gps: [] }
[2017-01-28 08:32:06.472] [INFO] asan - { uv: 0, temp: 681, gas: 319, gps: [] }
[2017-01-28 08:32:09.478] [INFO] asan - { uv: 0, temp: 681, gas: 319, gps: [] }
[2017-01-28 08:32:12.481] [INFO] asan - { uv: 0, temp: 681, gas: 319, gps: [] }
[2017-01-28 08:32:15.486] [INFO] asan - { uv: 0, temp: 681, gas: 319, gps: [] }
[2017-01-28 08:32:18.493] [INFO] asan - { uv: 0, temp: 681, gas: 319, gps: [] }
[2017-01-28 08:32:21.497] [INFO] asan - { uv: 0, temp: 681, gas: 319, gps: [] }
[2017-01-28 08:32:24.504] [INFO] asan - { uv: 0, temp: 681, gas: 319, gps: [] }
[2017-01-28 08:32:27.507] [INFO] asan - { uv: 0, temp: 681, gas: 319, gps: [] }
[2017-01-28 08:32:30.511] [INFO] asan - { uv: 0, temp: 681, gas: 319, gps: [] }
[2017-01-28 08:32:33.515] [INFO] asan - { uv: 0, temp: 681, gas: 319, gps: [] }
[2017-01-28 08:32:36.519] [INFO] asan - { uv: 0, temp: 681, gas: 319, gps: [] }
[2017-01-28 08:32:39.521] [INFO] asan - { uv: 0, temp: 681, gas: 319, gps: [] }
[2017-01-28 08:32:42.526] [INFO] asan - { uv: 0, temp: 681, gas: 319, gps: [] }
[2017-01-28 08:32:45.528] [INFO] asan - { uv: 0, temp: 681, gas: 319, gps: [] }
[2017-01-28 08:32:48.531] [INFO] asan - { uv: 0, temp: 681, gas: 319, gps: [] }
[2017-01-28 08:32:51.536] [INFO] asan - { uv: 0, temp: 681, gas: 319, gps: [] }
[2017-01-28 08:32:54.538] [INFO] asan - { uv: 0, temp: 681, gas: 319, gps: [] }
[2017-01-28 08:32:57.540] [INFO] asan - { uv: 0, temp: 681, gas: 319, gps: [] }
[2017-01-28 08:33:00.543] [INFO] asan - { uv: 0, temp: 681, gas: 319, gps: [] }
[2017-01-28 08:33:03.547] [INFO] asan - { uv: 0, temp: 681, gas: 319, gps: [] }
[2017-01-28 08:33:06.551] [INFO] asan - { uv: 0, temp: 681, gas: 319, gps: [] }
[2017-01-28 08:33:09.554] [INFO] asan - { uv: 0, temp: 681, gas: 319, gps: [] }
[2017-01-28 08:33:12.559] [INFO] asan - { uv: 0, temp: 681, gas: 319, gps: [] }
[2017-01-28 08:33:15.564] [INFO] asan - { uv: 0, temp: 681, gas: 319, gps: [] }
[2017-01-28 08:33:18.573] [INFO] asan - { uv: 0, temp: 681, gas: 319, gps: [] }
[2017-01-28 08:33:21.581] [INFO] asan - { uv: 0, temp: 681, gas: 319, gps: [] }
[2017-01-28 08:33:24.589] [INFO] asan - { uv: 0, temp: 681, gas: 319, gps: [] }
[2017-01-28 08:33:27.595] [INFO] asan - { uv: 0, temp: 681, gas: 319, gps: [] }
[2017-01-28 08:33:30.599] [INFO] asan - { uv: 0, temp: 681, gas: 319, gps: [] }
[2017-01-28 08:33:33.603] [INFO] asan - { uv: 0, temp: 681, gas: 319, gps: [] }
[2017-01-28 08:33:36.609] [INFO] asan - { uv: 0, temp: 681, gas: 319, gps: [] }
[2017-01-28 08:33:39.611] [INFO] asan - { uv: 0, temp: 681, gas: 319, gps: [] }
[2017-01-28 08:33:42.615] [INFO] asan - { uv: 0, temp: 681, gas: 319, gps: [] }
[2017-01-28 08:33:45.620] [INFO] asan - { uv: 0, temp: 681, gas: 319, gps: [] }
[2017-01-28 08:33:48.627] [INFO] asan - { uv: 0, temp: 681, gas: 319, gps: [] }
[2017-01-28 08:33:51.629] [INFO] asan - { uv: 0, temp: 681, gas: 319, gps: [] }
[2017-01-28 08:33:54.637] [INFO] asan - { uv: 0, temp: 681, gas: 319, gps: [] }
[2017-01-28 08:33:57.643] [INFO] asan - { uv: 0, temp: 681, gas: 319, gps: [] }
[2017-01-28 08:34:00.646] [INFO] asan - { uv: 0, temp: 681, gas: 319, gps: [] }
[2017-01-28 08:34:03.648] [INFO] asan - { uv: 0, temp: 681, gas: 319, gps: [] }
[2017-01-28 08:34:06.655] [INFO] asan - { uv: 0, temp: 681, gas: 319, gps: [] }
[2017-01-28 08:34:09.659] [INFO] asan - { uv: 0, temp: 681, gas: 319, gps: [] }
[2017-01-28 08:34:12.662] [INFO] asan - { uv: 0, temp: 681, gas: 319, gps: [] }
[2017-01-28 08:34:15.666] [INFO] asan - { uv: 0, temp: 681, gas: 319, gps: [] }
[2017-01-28 08:34:18.671] [INFO] asan - { uv: 0, temp: 681, gas: 319, gps: [] }
[2017-01-28 08:34:21.674] [INFO] asan - { uv: 0, temp: 681, gas: 319, gps: [] }
[2017-01-28 08:34:24.679] [INFO] asan - { uv: 0, temp: 681, gas: 319, gps: [] }
[2017-01-28 08:34:27.684] [INFO] asan - { uv: 0, temp: 681, gas: 319, gps: [] }
[2017-01-28 08:34:30.685] [INFO] asan - { uv: 0, temp: 681, gas: 319, gps: [] }
[2017-01-28 08:34:33.692] [INFO] asan - { uv: 0, temp: 681, gas: 319, gps: [] }
[2017-01-28 08:34:36.702] [INFO] asan - { uv: 0, temp: 681, gas: 319, gps: [] }
[2017-01-28 08:34:39.705] [INFO] asan - { uv: 0, temp: 681, gas: 319, gps: [] }
[2017-01-28 08:34:42.709] [INFO] asan - { uv: 0, temp: 681, gas: 319, gps: [] }
[2017-01-28 08:34:45.714] [INFO] asan - { uv: 0, temp: 681, gas: 319, gps: [] }
[2017-01-28 08:34:48.722] [INFO] asan - { uv: 0, temp: 681, gas: 319, gps: [] }
[2017-01-28 08:34:51.728] [INFO] asan - { uv: 0, temp: 681, gas: 319, gps: [] }
[2017-01-28 08:34:54.732] [INFO] asan - { uv: 0, temp: 681, gas: 319, gps: [] }
[2017-01-28 08:34:57.737] [INFO] asan - { uv: 0, temp: 681, gas: 319, gps: [] }
[2017-01-28 08:35:00.739] [INFO] asan - { uv: 0, temp: 681, gas: 319, gps: [] }
[2017-01-28 08:35:03.744] [INFO] asan - { uv: 0, temp: 681, gas: 319, gps: [] }
[2017-01-28 08:35:06.747] [INFO] asan - { uv: 0, temp: 681, gas: 319, gps: [] }
[2017-01-28 08:35:09.749] [INFO] asan - { uv: 0, temp: 681, gas: 319, gps: [] }
[2017-01-28 08:35:12.756] [INFO] asan - { uv: 0, temp: 681, gas: 319, gps: [] }
[2017-01-28 08:35:15.757] [INFO] asan - { uv: 0, temp: 681, gas: 319, gps: [] }
[2017-01-28 08:35:18.764] [INFO] asan - { uv: 0, temp: 681, gas: 319, gps: [] }
[2017-01-28 08:35:21.771] [INFO] asan - { uv: 0, temp: 681, gas: 319, gps: [] }
[2017-01-28 08:35:24.777] [INFO] asan - { uv: 0, temp: 681, gas: 319, gps: [] }
[2017-01-28 08:35:27.783] [INFO] asan - { uv: 0, temp: 681, gas: 319, gps: [] }
[2017-01-28 08:35:30.785] [INFO] asan - { uv: 0, temp: 681, gas: 319, gps: [] }
[2017-01-28 08:35:33.792] [INFO] asan - { uv: 0, temp: 681, gas: 319, gps: [] }
[2017-01-28 08:35:36.797] [INFO] asan - { uv: 0, temp: 681, gas: 319, gps: [] }
[2017-01-28 08:35:39.804] [INFO] asan - { uv: 0, temp: 681, gas: 319, gps: [] }
[2017-01-28 08:35:42.810] [INFO] asan - { uv: 0, temp: 681, gas: 319, gps: [] }
[2017-01-28 08:35:45.816] [INFO] asan - { uv: 0, temp: 681, gas: 319, gps: [] }
[2017-01-28 08:35:48.820] [INFO] asan - { uv: 0, temp: 681, gas: 319, gps: [] }
[2017-01-28 08:35:51.823] [INFO] asan - { uv: 0, temp: 681, gas: 319, gps: [] }
[2017-01-28 08:35:54.825] [INFO] asan - { uv: 0, temp: 681, gas: 319, gps: [] }
[2017-01-28 08:35:57.831] [INFO] asan - { uv: 0, temp: 681, gas: 319, gps: [] }
[2017-01-28 08:36:00.835] [INFO] asan - { uv: 0, temp: 681, gas: 319, gps: [] }
[2017-01-28 08:36:03.838] [INFO] asan - { uv: 0, temp: 681, gas: 319, gps: [] }
[2017-01-28 08:36:06.843] [INFO] asan - { uv: 0, temp: 681, gas: 319, gps: [] }
[2017-01-28 08:36:09.847] [INFO] asan - { uv: 0, temp: 681, gas: 319, gps: [] }
[2017-01-28 08:36:12.856] [INFO] asan - { uv: 0, temp: 681, gas: 319, gps: [] }
[2017-01-28 08:36:15.861] [INFO] asan - { uv: 0, temp: 681, gas: 319, gps: [] }
[2017-01-28 08:36:18.866] [INFO] asan - { uv: 0, temp: 681, gas: 319, gps: [] }
[2017-01-28 08:36:21.868] [INFO] asan - { uv: 0, temp: 681, gas: 319, gps: [] }
[2017-01-28 08:36:24.876] [INFO] asan - { uv: 0, temp: 681, gas: 319, gps: [] }
[2017-01-28 08:36:27.881] [INFO] asan - { uv: 0, temp: 681, gas: 319, gps: [] }
[2017-01-28 08:36:30.889] [INFO] asan - { uv: 0, temp: 681, gas: 319, gps: [] }
[2017-01-28 08:36:33.891] [INFO] asan - { uv: 0, temp: 681, gas: 319, gps: [] }
[2017-01-28 08:36:36.895] [INFO] asan - { uv: 0, temp: 681, gas: 319, gps: [] }
[2017-01-28 08:36:39.899] [INFO] asan - { uv: 0, temp: 681, gas: 319, gps: [] }
[2017-01-28 08:36:42.902] [INFO] asan - { uv: 0, temp: 681, gas: 319, gps: [] }
[2017-01-28 08:36:45.905] [INFO] asan - { uv: 0, temp: 681, gas: 319, gps: [] }
[2017-01-28 08:18:24.445] [INFO] asan - { uv: 0, temp: 625.5, gas: 278, gps: [] }
[2017-01-28 16:08:21.786] [INFO] asan - { uv: 0, temp: 0, gas: 0, gps: [] }
